Build started 19.08.2015 19:58:11.
     1>Project "C:\Users\Олексій\Documents\Visual Studio 2013\Projects\lab_2_6_var12\lab_2_6_var12\lab_2_6_var12.vcxproj" on node 2 (Build target(s)).
     1>ClCompile:
         C:\Program Files (x86)\Microsoft Visual Studio 14.0\VC\bin\CL.exe /c /I"C:\Program Files (x86)\Visual Leak Detector\include" /ZI /nologo /W3 /WX- /sdl /Od /Oy- /D WIN32 /D _DEBUG /D _CONSOLE /D _LIB /D _UNICODE /D UNICODE /Gm /EHsc /RTC1 /MDd /GS /fp:precise /Zc:wchar_t /Zc:forScope /Zc:inline /Fo"Debug\\" /Fd"Debug\vc140.pdb" /Gd /TP /analyze- /errorReport:prompt List.cpp main.cpp
         main.cpp
     1>c:\users\олексій\documents\visual studio 2013\projects\lab_2_6_var12\lab_2_6_var12\main.cpp(10): warning C4101: 't': unreferenced local variable
     1>c:\users\олексій\documents\visual studio 2013\projects\lab_2_6_var12\lab_2_6_var12\list.h(43): warning C4244: 'argument': conversion from 'time_t' to 'unsigned int', possible loss of data
         c:\users\олексій\documents\visual studio 2013\projects\lab_2_6_var12\lab_2_6_var12\list.h(41): note: while compiling class template member function 'List<int>::List(int)'
         c:\users\олексій\documents\visual studio 2013\projects\lab_2_6_var12\lab_2_6_var12\main.cpp(11): note: see reference to function template instantiation 'List<int>::List(int)' being compiled
         c:\users\олексій\documents\visual studio 2013\projects\lab_2_6_var12\lab_2_6_var12\main.cpp(11): note: see reference to class template instantiation 'List<int>' being compiled
     1>c:\users\олексій\documents\visual studio 2013\projects\lab_2_6_var12\lab_2_6_var12\list.h(179): warning C4244: 'argument': conversion from 'time_t' to 'unsigned int', possible loss of data
         c:\users\олексій\documents\visual studio 2013\projects\lab_2_6_var12\lab_2_6_var12\list.h(47): note: see reference to function template instantiation 'void inp<user_class>(user_class *,int)' being compiled
                 with
                 [
                     user_class=int
                 ]
         c:\users\олексій\documents\visual studio 2013\projects\lab_2_6_var12\lab_2_6_var12\list.h(41): note: while compiling class template member function 'List<int>::List(int)'
         c:\users\олексій\documents\visual studio 2013\projects\lab_2_6_var12\lab_2_6_var12\main.cpp(11): note: see reference to function template instantiation 'List<int>::List(int)' being compiled
         List.cpp
         Generating Code...
       Link:
         C:\Program Files (x86)\Microsoft Visual Studio 14.0\VC\bin\link.exe /ERRORREPORT:PROMPT /OUT:"C:\Users\Олексій\Documents\Visual Studio 2013\Projects\lab_2_6_var12\Debug\lab_2_6_var12.exe" /INCREMENTAL /NOLOGO /LIBPATH:"C:\Program Files (x86)\Visual Leak Detector\lib\Win32" kernel32.lib user32.lib gdi32.lib winspool.lib comdlg32.lib advapi32.lib shell32.lib ole32.lib oleaut32.lib uuid.lib odbc32.lib odbccp32.lib /MANIFEST /MANIFESTUAC:"level='asInvoker' uiAccess='false'" /manifest:embed /Debug /PDB:"C:\Users\Олексій\Documents\Visual Studio 2013\Projects\lab_2_6_var12\Debug\lab_2_6_var12.pdb" /SUBSYSTEM:CONSOLE /TLBID:1 /DYNAMICBASE /NXCOMPAT /IMPLIB:"C:\Users\Олексій\Documents\Visual Studio 2013\Projects\lab_2_6_var12\Debug\lab_2_6_var12.lib" /MACHINE:X86 Debug\List.obj
         Debug\main.obj
         lab_2_6_var12.vcxproj -> C:\Users\Олексій\Documents\Visual Studio 2013\Projects\lab_2_6_var12\Debug\lab_2_6_var12.exe
     1>Done Building Project "C:\Users\Олексій\Documents\Visual Studio 2013\Projects\lab_2_6_var12\lab_2_6_var12\lab_2_6_var12.vcxproj" (Build target(s)).

Build succeeded.

Time Elapsed 00:00:01.89
